This file contains any messages produced by compilers while
running configure, to aid debugging if configure makes a mistake.

It was created by lcms2 configure 2.8, which was
generated by GNU Autoconf 2.69.  Invocation command line was

  $ ./configure 

## --------- ##
## Platform. ##
## --------- ##

hostname = MARIAMA4
uname -m = i686
uname -r = 1.0.12(0.46/3/2)
uname -s = MINGW32_NT-6.1
uname -v = 2012-07-05 14:56

/usr/bin/uname -p = unknown
/bin/uname -X     = unknown

/bin/arch              = unknown
/usr/bin/arch -k       = unknown
/usr/convex/getsysinfo = unknown
/usr/bin/hostinfo      = unknown
/bin/machine           = unknown
/usr/bin/oslevel       = unknown
/bin/universe          = unknown

PATH: /c/Users/mariama/bin
PATH: /usr/local/bin
PATH: /mingw/bin
PATH: /bin
PATH: /cmd
PATH: /bin
PATH: /c/Users/mariama/AppData/Local/Apps/2.0/V7ZA7K6E.JE0/LWQVPR47.557/gith..tion_317444273a93ac29_0002.000e_3501b301c8f62e54
PATH: /c/Users/mariama/AppData/Local/GitHub/lfs-amd64_0.5.1
PATH: /c/Program Files (x86)/MSBuild/12.0/bin
PATH: /c/Program Files/Common Files/Microsoft Shared/Windows Live
PATH: /c/Program Files (x86)/Common Files/Microsoft Shared/Windows Live
PATH: /c/Program Files (x86)/NVIDIA Corporation/PhysX/Common
PATH: /c/Program Files/RA2HP/
PATH: /c/windows/system32
PATH: /c/windows
PATH: /c/windows/System32/Wbem
PATH: /c/windows/System32/WindowsPowerShell/v1.0/
PATH: /c/Program Files/ActivIdentity/ActivClient/
PATH: /c/Program Files (x86)/ActivIdentity/ActivClient/
PATH: /c/Program Files/WIDCOMM/Bluetooth Software/
PATH: /c/Program Files/WIDCOMM/Bluetooth Software/syswow64
PATH: /c/Program Files/TortoiseSVN/bin
PATH: /c/Program Files (x86)/Windows Kits/8.1/Windows Performance Toolkit/
PATH: /c/Program Files/Microsoft SQL Server/110/Tools/Binn/
PATH: /c/Qt/5.3.1/qtbase
PATH: /c/Qt/5.3.1/qtbase/bin
PATH: /c/Python34
PATH: /c/Program Files (x86)/Windows Live/Shared
PATH: /c/Program Files/Microsoft/Web Platform Installer/
PATH: /c/Program Files (x86)/Microsoft SDKs/TypeScript/1.0/
PATH: /c/Program Files/Microsoft SQL Server/120/Tools/Binn/
PATH: /c/Program Files/doxygen/bin
PATH: /h/Important/New/FileSystem/toolchain/bin


## ----------- ##
## Core tests. ##
## ----------- ##

configure:2426: checking build system type
configure:2440: result: i686-pc-mingw32
configure:2460: checking host system type
configure:2473: result: i686-pc-mingw32
configure:2510: checking for a BSD-compatible install
configure:2578: result: ./install-sh -c
configure:2589: checking whether build environment is sane
configure:2639: result: yes
configure:2780: checking for a thread-safe mkdir -p
configure:2819: result: /bin/mkdir -p
configure:2832: checking for gawk
configure:2848: found /bin/gawk
configure:2859: result: gawk
configure:2870: checking whether make sets $(MAKE)
configure:2896: result: no
configure:2978: checking for style of include used by make
configure:3006: result: GNU
configure:3077: checking for gcc
configure:3107: result: no
configure:3170: checking for cc
configure:3217: result: no
configure:3273: checking for cl.exe
configure:3303: result: no
configure:3327: error: in `/h/github/Little-CMS':
configure:3329: error: no acceptable C compiler found in $PATH
See `config.log' for more details

## ---------------- ##
## Cache variables. ##
## ---------------- ##

ac_cv_build=i686-pc-mingw32
ac_cv_env_CCC_set=
ac_cv_env_CCC_value=
ac_cv_env_CC_set=
ac_cv_env_CC_value=
ac_cv_env_CFLAGS_set=
ac_cv_env_CFLAGS_value=
ac_cv_env_CPPFLAGS_set=
ac_cv_env_CPPFLAGS_value=
ac_cv_env_CPP_set=
ac_cv_env_CPP_value=
ac_cv_env_CXXCPP_set=
ac_cv_env_CXXCPP_value=
ac_cv_env_CXXFLAGS_set=
ac_cv_env_CXXFLAGS_value=
ac_cv_env_CXX_set=
ac_cv_env_CXX_value=
ac_cv_env_LDFLAGS_set=
ac_cv_env_LDFLAGS_value=
ac_cv_env_LIBS_set=
ac_cv_env_LIBS_value=
ac_cv_env_build_alias_set=
ac_cv_env_build_alias_value=
ac_cv_env_host_alias_set=
ac_cv_env_host_alias_value=
ac_cv_env_target_alias_set=
ac_cv_env_target_alias_value=
ac_cv_host=i686-pc-mingw32
ac_cv_path_mkdir=/bin/mkdir
ac_cv_prog_AWK=gawk
ac_cv_prog_make_make_set=no

## ----------------- ##
## Output variables. ##
## ----------------- ##

ACLOCAL='${SHELL} /h/github/Little-CMS/missing --run aclocal-1.11'
AMDEPBACKSLASH='\'
AMDEP_FALSE='#'
AMDEP_TRUE=''
AMTAR='$${TAR-tar}'
AR=''
AS=''
AUTOCONF='${SHELL} /h/github/Little-CMS/missing --run autoconf'
AUTOHEADER='${SHELL} /h/github/Little-CMS/missing --run autoheader'
AUTOMAKE='${SHELL} /h/github/Little-CMS/missing --run automake-1.11'
AWK='gawk'
CC=''
CCDEPMODE=''
CFLAGS=''
CPP=''
CPPFLAGS=''
CXX=''
CXXCPP=''
CXXDEPMODE=''
CXXFLAGS=''
CYGPATH_W='echo'
DEFS=''
DEPDIR='.deps'
DLLTOOL=''
DSYMUTIL=''
DUMPBIN=''
ECHO_C=''
ECHO_N='-n'
ECHO_T=''
EGREP=''
EXEEXT=''
FGREP=''
GREP=''
HasJPEG_FALSE=''
HasJPEG_TRUE=''
HasTIFF_FALSE=''
HasTIFF_TRUE=''
HasZLIB_FALSE=''
HasZLIB_TRUE=''
INSTALL_DATA='${INSTALL} -m 644'
INSTALL_PROGRAM='${INSTALL}'
INSTALL_SCRIPT='${INSTALL}'
INSTALL_STRIP_PROGRAM='$(install_sh) -c -s'
JPEGICC_DEPLIBS=''
LCMS_LIB_DEPLIBS=''
LD=''
LDFLAGS=''
LIBOBJS=''
LIBRARY_AGE='0'
LIBRARY_CURRENT='2'
LIBRARY_REVISION='7'
LIBS=''
LIBTOOL=''
LIBTOOL_DEPS=''
LIB_JPEG=''
LIB_MATH=''
LIB_THREAD=''
LIB_TIFF=''
LIB_ZLIB=''
LIPO=''
LN_S=''
LTLIBOBJS=''
MAINT=''
MAINTAINER_MODE_FALSE=''
MAINTAINER_MODE_TRUE=''
MAKEINFO='${SHELL} /h/github/Little-CMS/missing --run makeinfo'
MANIFEST_TOOL=''
MKDIR_P='/bin/mkdir -p'
NM=''
NMEDIT=''
OBJDUMP=''
OBJEXT=''
OTOOL64=''
OTOOL=''
PACKAGE='lcms2'
PACKAGE_BUGREPORT=''
PACKAGE_NAME='lcms2'
PACKAGE_STRING='lcms2 2.8'
PACKAGE_TARNAME='lcms2'
PACKAGE_URL=''
PACKAGE_VERSION='2.8'
PATH_SEPARATOR=':'
PTHREAD_CC=''
PTHREAD_CFLAGS=''
PTHREAD_CXX=''
PTHREAD_LIBS=''
RANLIB=''
SED=''
SET_MAKE='MAKE=make'
SHELL='/bin/sh'
STRIP=''
TIFFICC_DEPLIBS=''
VERSION='2.8'
ac_ct_AR=''
ac_ct_CC=''
ac_ct_CXX=''
ac_ct_DUMPBIN=''
acx_pthread_config=''
am__EXEEXT_FALSE=''
am__EXEEXT_TRUE=''
am__fastdepCC_FALSE=''
am__fastdepCC_TRUE=''
am__fastdepCXX_FALSE=''
am__fastdepCXX_TRUE=''
am__include='include'
am__isrc=''
am__leading_dot='.'
am__nodep='_no'
am__quote=''
am__tar='$${TAR-tar} chof - "$$tardir"'
am__untar='$${TAR-tar} xf -'
bindir='${exec_prefix}/bin'
build='i686-pc-mingw32'
build_alias=''
build_cpu='i686'
build_os='mingw32'
build_vendor='pc'
datadir='${datarootdir}'
datarootdir='${prefix}/share'
docdir='${datarootdir}/doc/${PACKAGE_TARNAME}'
dvidir='${docdir}'
exec_prefix='NONE'
host='i686-pc-mingw32'
host_alias=''
host_cpu='i686'
host_os='mingw32'
host_vendor='pc'
htmldir='${docdir}'
includedir='${prefix}/include'
infodir='${datarootdir}/info'
inline=''
install_sh='${SHELL} /h/github/Little-CMS/install-sh'
libdir='${exec_prefix}/lib'
libexecdir='${exec_prefix}/libexec'
localedir='${datarootdir}/locale'
localstatedir='${prefix}/var'
mandir='${datarootdir}/man'
mkdir_p='/bin/mkdir -p'
oldincludedir='/usr/include'
pdfdir='${docdir}'
prefix='NONE'
program_transform_name='s,x,x,'
psdir='${docdir}'
sbindir='${exec_prefix}/sbin'
sharedstatedir='${prefix}/com'
sysconfdir='${prefix}/etc'
target_alias=''

## ----------- ##
## confdefs.h. ##
## ----------- ##

/* confdefs.h */
#define PACKAGE_NAME "lcms2"
#define PACKAGE_TARNAME "lcms2"
#define PACKAGE_VERSION "2.8"
#define PACKAGE_STRING "lcms2 2.8"
#define PACKAGE_BUGREPORT ""
#define PACKAGE_URL ""

configure: exit 1
